Terminal log file
Date: 30-Oct-16 - 10:41:41
-----------------------------------------------
        26987          -55         2426
        27002          -36         2426
        27016          -23         2426
        27030          -14         2426
        27042           -8         2426
        27054           -4         2426
        27065            0         2426
        27075            0         2426
        27084            1         2426
        27093            2         2427
        27102            3         2427
        27109            4         2427
        27116            4         2427
        27122            4         2427
        27128            3         2427
        27133            4         2427
        27139            4         2427
        27143            4         2427
        27148            3         2427
        27152            3         2427
        27156            3         2427
        27160            3         2427
        27163            3         2427
        27165            3         2427
        27194          233         2427
        27258          575         2427
        27322          805         2427
        27383          964         2427
        27439         1071         2427
        27492         1141         2427
        27542         1186         2427
        27588         1218         2427
        27632         1245         2427
        27673         1253         2428
        27712         1260         2428
        27749         1263         2428
        27785         1264         2428
        27819         1265         2428
        27851         1276         2428
        27883         1284         2428
        27914         1284         2428
        27943         1284         2428
        27971         1279         2428
        27998         1279         2428
        28023         1277         2428
        28047         1277         2428
        28071         1278         2428
        28093         1277         2428
        28114         1279         2428
        28135         1279         2428
        28153         1277         2427
        28172         1273         2427
        28190         1269         2427
        28207         1271         2427
        28223         1276         2427
        28239         1289         2427
        28255         1299         2427
        28270         1299         2427
        28284         1290         2427
        28298         1284         2427
        28310         1286         2427
        28324         1283         2427
        28336         1275         2427
        28348         1275         2427
        28360         1268         2427
        28371         1270         2427
        28382         1274         2427
        28393         1275         2426
        28403         1273         2426
        28414         1276         2426
        28424         1275         2426
        28433         1275         2426
        28443         1274         2426
        28452         1279         2426
        28462         1283         2426
        28471         1277         2426
        28480         1276         2426
        28489         1275         2426
        28497         1278         2425
        28506         1279         2425
        28515         1278         2425
        28522         1272         2425
        28531         1277         2425
        28538         1272         2425
        28546         1277         2425
        28554         1280         2425
        28562         1277         2425
        28569         1277         2425
        28577         1280         2425
        28583         1280         2425
        28591         1278         2425
        28598         1276         2425
        28605         1276         2425
        28612         1279         2425
        28620         1274         2425
        28627         1268         2424
        28633         1270         2424
        28641         1268         2424
        28648         1267         2424
        28654         1267         2424
        28661         1270         2424
        28668         1269         2423
        28675         1266         2423
        28682         1270         2423
        28688         1271         2423
        28695         1268         2423
        28701         1264         2423
        28707         1271         2423
        28714         1271         2423
        28721         1276         2423
        28727         1280         2423
        28733         1276         2422
        28738         1267         2422
        28745         1268         2422
        28750         1271         2422
        28757         1270         2422
        28762         1268         2422
        28768         1266         2422
        28774         1279         2422
        28780         1275         2422
        28786         1273         2422
        28791         1276         2422
        28796         1284         2422
        28803         1282         2422
        28808         1268         2422
        28813         1257         2422
        28819         1255         2422
        28824         1255         2422
        28830         1257         2422
        28835         1273         2421
        28841         1263         2421
        28846         1260         2421
        28851         1256         2421
        28857         1265         2421
        28862         1280         2421
        28868         1279         2421
        28873         1283         2421
        28878         1283         2421
        28884         1284         2421
        28889         1285         2421
        28894         1286         2421
        28899         1291         2421
        28904         1284         2421
        28909         1284         2421
        28913         1282         2421
        28918         1285         2421
        28923         1275         2420
        28927         1277         2420
        28932         1276         2420
        28938         1280         2420
        28942         1278         2420
        28947         1274         2420
        28952         1272         2420
        28957         1275         2420
        28961         1278         2420
        28967         1275         2420
        28971         1278         2420
        28976         1283         2419
        28981         1283         2419
        28985         1278         2419
        28990         1269         2419
        28994         1272         2419
        28999         1271         2419
        29004         1272         2419
        29008         1270         2419
        29013         1264         2419
        29017         1264         2419
        29022         1268         2419
        29026         1264         2419
        29030         1263         2419
        29035         1265         2419
        29040         1264         2419
        29044         1261         2419
        29048         1262         2419
        29053         1267         2419
        29056         1269         2419
        29061         1267         2419
        29066         1270         2419
        29070         1269         2419
        29075         1268         2419
        29080         1268         2419
        29084         1264         2419
        29088         1265         2419
        29092         1265         2419
        29096         1263         2419
        29101         1262         2419
        29105         1261         2419
        29109         1262         2419
        29114         1265         2419
        29118         1268         2418
        29122         1267         2418
        29126         1269         2418
        29130         1265         2418
        29134         1263         2418
        29138         1267         2418
        29142         1266         2418
        29146         1265         2418
        29150         1261         2418
        29155         1260         2418
        29159         1259         2418
        29163         1255         2418
        29166         1262         2418
        29170         1261         2418
        29175         1264         2417
        29178         1262         2417
        29183         1257         2417
        29187         1257         2417
        29190         1263         2417
        29195         1260         2417
        29199         1261         2417
        29203         1262         2417
        29206         1264         2417
        29210         1267         2417
        29215         1262         2417
        29219         1265         2417
        29223         1267         2416
        29226         1264         2417
        29230         1267         2417
        29235         1266         2417
        29238         1259         2417
        29240         1259         2417
        29245         1264         2417
        29249         1268         2417
        29252         1264         2417
        29256         1257         2416
        29260         1262         2416
        29263         1267         2416
        29267         1264         2416
        29270         1263         2416
        29275         1260         2416
        29279         1265         2416
        29282         1262         2416
        29285         1263         2416
        29290         1264         2416
        29293         1262         2416
        29296         1261         2416
        29300         1262         2416
        29304         1259         2416
        29307         1263         2416
        29310         1261         2416
        29314         1263         2416
        29318         1263         2416
        29321         1268         2416
        29325         1262         2416
        29329         1262         2416
        29331         1261         2416
        29335         1259         2416
        29340         1263         2416
        29342         1264         2416
        29345         1263         2416
        29350         1263         2416
        29353         1261         2416
        29356         1261         2415
        29360         1257         2415
        29364         1257         2415
        29366         1255         2416
        29370         1252         2416
        29374         1251         2416
        29377         1257         2416
        29380         1261         2416
        29385         1263         2415
        29387         1263         2415
        29390         1264         2415
        29394         1259         2416
        29397         1263         2416
        29400         1260         2416
        29404         1256         2416
        29406         1259         2416
        29410         1256         2416
        29413         1256         2416
        29415         1253         2416
        29420         1254         2416
        29423         1258         2416
        29425         1258         2416
        29429         1257         2416
        29430         1256         2416
        29435         1257         2416
        29438         1260         2416
        29440         1258         2416
        29444         1258         2416
        29446         1257         2416
        29450         1257         2416
        29453         1257         2416
        29455         1254         2416
        29459         1256         2416
        29461         1252         2416
        29465         1255         2416
        29468         1258         2416
        29470         1262         2416
        29474         1255         2416
        29476         1252         2416
        29480         1252         2416
        29482         1257         2416
        29485         1257         2416
        29488         1258         2416
        29490         1258         2416
        29495         1258         2416
        29496         1259         2416
        29500         1257         2416
        29502         1253         2416
        29505         1252         2416
        29508         1258         2416
        29510         1261         2416
        29513         1257         2416
        29515         1259         2416
        29519         1265         2416
        29520         1264         2416
        29525         1260         2416
        29525         1259         2416
        29530         1252         2416
        29530         1250         2416
        29535         1252         2416
        29535         1254         2416
        29540         1249         2416
        29540         1248         2417
        29545         1250         2417
        29545         1254         2417
        29549         1256         2417
        29550         1256         2417
        29554         1252         2417
        29555         1253         2417
        29559         1256         2417
        29560         1256         2417
        29563         1257         2418
        29565         1255         2418
        29567         1256         2418
        29570         1258         2418
        29571         1255         2418
        29575         1253         2418
        29575         1248         2418
        29579         1244         2418
        29580         1253         2418
        29581         1249         2418
        29585         1244         2418
        29585         1243         2418
        29588         1245         2418
        29590         1249         2418
        29592         1249         2418
        29595         1251         2418
        29595         1253         2418
        29600         1261         2418
        29600         1262         2418
        29601         1262         2418
        29605         1263         2419
        29605         1259         2419
        29609         1255         2419
        29610         1255         2419
        29612         1263         2419
        29615         1263         2419
        29615         1254         2419
        29619         1254         2419
        29620         1253         2419
        29620         1253         2420
        29624         1251         2420
        29625         1251         2420
        29625         1252         2420
        29629         1248         2420
        29630         1245         2420
        29630         1244         2421
        29634         1244         2421
        29635         1246         2421
        29635         1251         2421
        29637         1254         2421
        29640         1253         2422
        29640         1252         2422
        29640         1255         2422
        29644         1260         2422
        29645         1261         2423
        29645         1258         2423
        29649         1255         2423
        29650         1255         2423
        29650         1252         2423
        29652         1255         2423
        29655         1248         2424
        29655         1255         2424
        29655         1257         2424
        29659         1260         2424
        29660         1249         2425
        29660         1245         2425
        29661         1247         2425
        29665         1255         2425
        29665         1254         2425
        29665         1255         2426
        29665         1251         2426
        29669         1250         2426
        29670         1249         2426
        29670         1251         2426
        29670         1257         2427
        29675         1260         2427
        29675         1258         2428
        29675         1257         2428
        29676         1260         2428
        29680         1257         2428
        29680         1252         2429
        29680         1244         2429
        29680         1243         2429
        29683         1242         2430
        29685         1243         2430
        29685         1250         2430
        29685         1253         2430
        29685         1253         2430
        29686         1247         2431
        29690         1252         2431
        29690         1254         2432
        29690         1254         2432
        29690         1255         2432
        29690         1252         2433
        29692         1247         2433
        29695         1252         2433
        29695         1254         2433
        29695         1246         2434
        29695         1250         2434
        29695         1254         2435
        29699         1258         2435
        29700         1258         2435
        29700         1250         2435
        29700         1252         2436
        29700         1254         2436
        29700         1253         2437
        29703         1251         2437
        29705         1252         2437
        29705         1247         2438
        29705         1247         2438
        29705         1243         2438
        29705         1243         2439
        29709         1245         2439
        29710         1246         2439
        29710         1244         2439
        29710         1246         2439
        29710         1245         2440
        29710         1250         2440
        29712         1257         2441
        29715         1258         2441
        29715         1254         2441
        29715         1249         2442
        29715         1247         2442
        29715         1247         2442
        29715         1251         2443
        29715         1247         2443
        29715         1250         2444
        29715         1250         2444
        29717         1248         2445
        29719         1243         2446
        29720         1250         2446
        29720         1253         2446
        29720         1250         2447
        29720         1253         2448
        29720         1251         2448
        29720         1251         2448
        29720         1251         2448
        29720         1253         2449
        29720         1256         2449
        29720         1256         2449
        29720         1251         2450
        29720         1250         2451
        29722         1254         2451
        29725         1255         2451
        29725         1251         2452
        29725         1251         2452
        29725         1248         2453
        29725         1249         2453
        29725         1247         2454
        29725         1248         2455
        29725         1250         2455
        29725         1254         2455
        29725         1253         2456
        29727         1249         2457
        29729         1249         2457
        29730         1246         2458
        29730         1247         2458
        29730         1245         2458
        29730         1243         2459
        29730         1244         2460
        29730         1244         2460
        29730         1247         2460
        29730         1248         2461
        29730         1249         2462
        29730         1248         2462
        29730         1253         2463
        29730         1253         2463
        29730         1251         2464
        29730         1254         2464
        29730         1254         2465
        29730         1255         2465
        29730         1255         2465
        29730         1252         2466
        29730         1247         2467
        29730         1254         2467
        29731         1260         2468
        29734         1255         2468
        29735         1255         2469
        29735         1262         2469
        29735         1264         2470
        29735         1261         2471
        29735         1256         2471
        29735         1247         2472
        29735         1245         2472
        29735         1248         2473
        29735         1249         2474
        29735         1253         2474
        29735         1255         2475
        29735         1251         2475
        29735         1250         2476
        29735         1251         2476
        29735         1246         2477
        29735         1246         2478
        29735         1246         2478
        29735         1248         2479
        29735         1253         2480
        29735         1252         2480
        29735         1257         2481
        29735         1259         2481
        29735         1262         2482
        29735         1262         2483
        29734         1264         2483
        29735         1261         2484
        29734         1255         2485
        29733         1251         2485
        29733         1252         2486
        29731         1243         2487
        29732         1246         2487
        29730         1251         2488
        29730         1252         2489
        29730         1251         2490
        29730         1250         2490
        29730         1252         2491
        29730         1253         2492
        29730         1250         2492
        29730         1250         2493
        29730         1256         2494
        29730         1255         2494
        29730         1257         2495
        29730         1251         2496
        29730         1246         2497
        29730         1249         2497
        29730         1246         2498
        29730         1246         2499
        29730         1249         2500
        29730         1249         2501
        29730         1251         2501
        29730         1247         2502
        29730         1244         2503
        29730         1247         2503
        29730         1251         2504
        29730         1251         2505
        29728         1249         2506
        29726         1252         2506
        29725         1255         2507
        29725         1253         2508
        29725         1252         2509
        29725         1257         2510
        29725         1255         2511
        29725         1256         2511
        29725         1262         2512
        29725         1259         2513
        29725         1251         2513
        29725         1249         2515
        29725         1249         2515
        29725         1252         2516
        29725         1252         2517
        29725         1248         2518
        29724         1247         2519
        29720         1250         2519
        29720         1250         2520
        29720         1254         2521
        29720         1251         2522
        29720         1245         2522
        29720         1244         2523
        29720         1252         2524
        29720         1256         2525
        29720         1260         2526
        29720         1261         2527
        29720         1258         2527
        29720         1255         2528
        29720         1252         2529
        29720         1247         2529
        29719         1246         2530
        29716         1243         2531
        29715         1244         2532
        29715         1246         2533
        29715         1246         2534
        29715         1246         2535
        29715         1250         2536
        29715         1250         2536
        29715         1246         2537
        29715         1249         2538
        29715         1247         2539
        29715         1250         2540
        29715         1251         2541
        29714         1256         2542
        29712         1256         2542
        29710         1256         2543
        29710         1257         2544
        29710         1260         2545
        29710         1255         2546
        29710         1258         2547
        29710         1257         2547
        29710         1256         2549
        29710         1258         2549
        29710         1256         2550
        29710         1253         2551
        29705         1253         2552
        29705         1255         2553
        29705         1255         2554
        29705         1258         2554
        29705         1260         2556
        29705         1261         2556
        29705         1261         2557
        29705         1254         2558
        29705         1249         2559
        29704         1251         2560
        29703         1249         2561
        29700         1250         2562
        29700         1251         2563
        29700         1257         2564
        29700         1250         2565
        29700         1252         2566
        29700         1253         2566
        29700         1254         2567
        29700         1251         2568
        29697         1249         2569
        29695         1252         2570
        29695         1257         2571
        29695         1258         2572
        29695         1262         2573
        29695         1262         2574
        29695         1262         2575
        29695         1264         2576
        29695         1261         2577
        29695         1259         2578
        29693         1260         2579
        29690         1260         2580
        29690         1258         2581
        29690         1256         2582
        29690         1258         2583
        29690         1258         2584
        29690         1256         2585
        29690         1260         2586
        29690         1259         2586
        29690         1257         2588
        29687         1257         2588
        29685         1255         2589
        29685         1256         2590
        29685         1252         2592
        29685         1255         2593
        29685         1258         2594
        29685         1254         2595
        29685         1255         2596
        29684         1259         2597
        29680         1256         2598
        29680         1254         2599
        29680         1252         2600
        29680         1250         2601
        29680         1251         2602
        29680         1249         2603
        29680         1255         2604
        29680         1261         2605
        29678         1261         2606
        29675         1257         2607
        29675         1255         2608
        29675         1255         2609
        29675         1252         2610
        29675         1251         2611
        29675         1253         2612
        29675         1251         2613
        29673         1251         2614
        29670         1254         2615
        29670         1252         2617
        29670         1254         2618
        29670         1258         2619
        29670         1254         2620
        29670         1256         2621
        29670         1258         2622
        29669         1257         2623
        29665         1260         2624
        29665         1258         2625
        29665         1259         2627
        29665         1264         2628
        29665         1266         2629
        29665         1263         2630
        29665         1258         2631
        29664         1257         2632
        29660         1256         2633
        29660         1255         2634
        29660         1253         2635
        29660         1247         2636
        29660         1249         2637
        29660         1248         2639
        29658         1251         2640
        29655         1255         2641
        29655         1259         2642
        29655         1259         2643
        29655         1260         2644
        29655         1256         2645
        29655         1252         2646
        29651         1253         2648
        29650         1250         2649
        29650         1253         2650
        29650         1261         2651
        29650         1258         2652
        29650         1250         2653
        29650         1243         2654
        29647         1246         2656
        29645         1245         2657
        29645         1248         2658
        29645         1247         2659
        29645         1245         2660
        29645         1248         2661
        29645         1249         2662
        29641         1251         2663
        29640         1253         2664
        29640         1252         2665
        29640         1249         2666
        29640         1247         2667
        29640         1254         2669
        29640         1254         2670
        29638         1253         2671
        29635         1250         2672
        29635         1247         2674
        29635         1247         2675
        29635         1252         2676
        29635         1255         2677
        29633         1254         2678
        29630         1254         2679
        29630         1254         2680
        29630         1256         2682
        29630         1255         2683
        29630         1255         2684
        29630         1250         2685
        29629         1249         2686
        29626         1255         2687
        29625         1255         2688
        29625         1254         2689
        29625         1250         2691
        29625         1249         2692
        29625         1250         2693
        29625         1253         2694
        29621         1254         2695
        29620         1254         2696
        29620         1258         2698
        29620         1258         2699
        29620         1258         2700
        29620         1258         2701
        29620         1260         2702
        29617         1260         2704
        29615         1262         2705
        29615         1262         2706
        29615         1261         2707
        29615         1259         2709
        29615         1259         2710
        29615         1257         2711
        29611         1261         2713
        29610         1260         2714
        29610         1253         2715
        29610         1258         2716
        29610         1257         2717
        29610         1257         2718
        29610         1258         2720
        29606         1259         2721
        29605         1255         2722
        29605         1254         2723
        29605         1257         2725
        29605         1259         2726
        29605         1255         2727
        29605         1260         2728
        29603         1263         2729
        29600         1259         2731
        29600         1250         2732
        29600         1253         2733
        29600         1257         2734
        29600         1250         2736
        29600         1251         2737
        29598         1257         2738
        29595         1257         2739
        29595         1260         2741
        29595         1260         2742
        29595         1263         2743
        29595         1267         2744
        29593         1268         2745
        29590         1265         2747
        29590         1259         2748
        29590         1258         2749
        29590         1256         2751
        29590         1253         2752
        29589         1254         2753

-----------------------------------------------
Date: 30-Oct-16 - 11:38:33
End log file
