Terminal log file
Date: 30-Oct-16 - 12:42:36
-----------------------------------------------
        28807         1254         3261           90
        28821         1250         3261           93
        28834         1255         3261           93
        28847         1260         3261           96
        28860         1261         3261           96
        28873         1261         3261           99
        28884         1261         3261           99
        28896         1262         3261          102
        28908         1262         3262          102
        28919         1259         3262          105
        28930         1262         3262          105
        28941         1261         3262          108
        28951         1258         3262          108
        28960         1254         3262          111
        28970         1255         3262          111
        28980         1256         3262          114
        28990         1262         3262          114
        29000         1262         3262          114
        29009         1258         3262          117
        29018         1256         3262          117
        29027         1254         3262          120
        29036         1254         3262          120
        29044         1236         3262          123
        29052         1230         3262          120
        29061         1237         3262          123
        29069         1249         3262          126
        29077         1253         3262          126
        29086         1261         3262          129
        29093         1262         3263          129
        29102         1250         3263          129
        29108         1238         3263          132
        29117         1230         3263          132
        29124         1226         3263          132
        29132         1226         3263          135
        29138         1233         3263          135
        29146         1232         3263          138
        29153         1239         3264          138
        29160         1241         3264          138
        29167         1244         3264          141
        29173         1242         3264          141
        29180         1236         3264          141
        29186         1236         3264          144
        29192         1248         3265          144
        29198         1251         3265          144
        29204         1264         3265          147
        29210         1265         3265          147
        29216         1259         3265          150
        29221         1259         3265          153
        29227         1257         3266          153
        29233         1259         3266          156
        29238         1258         3267          159
        29243         1249         3267          159
        29248         1248         3267          159
        29253         1246         3267          162
        29258         1250         3267          165
        29262         1255         3268          165
        29267         1251         3268          168
        29271         1246         3268          168
        29275         1243         3268          168
        29280         1250         3269          171
        29284         1248         3269          174
        29289         1247         3270          174
        29293         1244         3270          177
        29296         1249         3270          180
        29300         1259         3271          180
        29304         1262         3271          183
        29308         1261         3272          186
        29311         1253         3272          186
        29315         1255         3272          189
        29318         1251         3273          189
        29321         1249         3273          189
        29325         1255         3273          192
        29328         1255         3274          195
        29330         1251         3274          195
        29335         1257         3274          198
        29335         1256         3275          201
        29339         1256         3276          201
        29340         1257         3276          201
        29344         1256         3276          204
        29345         1253         3277          204
        29348         1257         3277          207
        29350         1254         3277          210
        29352         1251         3278          210
        29355         1252         3279          213
        29355         1249         3279          216
        29360         1251         3280          216
        29360         1255         3281          216
        29360         1254         3281          219
        29364         1256         3281          219
        29365         1256         3282          219
        29365         1261         3283          222
        29369         1257         3283          225
        29370         1252         3284          225
        29370         1252         3284          228
        29370         1255         3285          231
        29374         1254         3286          228
        29375         1253         3286          231
        29375         1249         3286          234
        29375         1247         3287          237
        29376         1241         3288          237
        29380         1251         3289          237
        29380         1252         3290          240
        29380         1244         3290          240
        29380         1248         3291          240
        29380         1252         3291          243
        29380         1255         3292          246
        29380         1252         3293          246
        29380         1253         3293          246
        29380         1254         3294          249
        29380         1252         3295          252
        29380         1255         3295          252
        29380         1260         3296          252
        29380         1253         3297          255
        29382         1248         3298          255
        29384         1250         3299          255
        29383         1251         3300          258
        29383         1248         3300          261
        29383         1244         3301          261
        29385         1247         3302          261
        29385         1243         3303          264
        29385         1244         3304          267
        29383         1246         3305          267
        29382         1242         3306          267
        29381         1241         3307          267
        29380         1245         3307          270
        29380         1245         3309          273
        29380         1251         3309          273
        29380         1253         3310          270
        29380         1257         3311          273
        29380         1258         3312          276
        29380         1255         3313          276
        29380         1260         3314          273
        29380         1254         3315          276
        29379         1253         3316          279
        29379         1250         3317          282
        29375         1247         3318          282
        29375         1249         3319          282
        29375         1247         3320          282
        29375         1251         3321          285
        29375         1251         3322          288
        29375         1246         3323          288
        29371         1242         3324          288
        29370         1243         3326          288
        29370         1242         3327          291
        29370         1245         3328          294
        29370         1259         3329          294
        29370         1263         3330          294
        29369         1260         3331          294
        29366         1254         3332          294
        29365         1254         3333          297
        29365         1258         3334          297
        29365         1258         3335          297
        29365         1256         3336          297
        29362         1258         3337          297
        29360         1255         3338          300
        29360         1264         3339          300
        29360         1260         3341          303
        29360         1258         3342          303
        29360         1260         3343          303
        29356         1252         3344          303
        29355         1254         3345          303
        29336         1122         3346          303
        29296          925         3347          303
        29210          569         3348          300
        29122          351         3350          297
        29041          222         3351          294
        28980          291         3352          294

-----------------------------------------------
Date: 30-Oct-16 - 12:58:43
End log file
