Terminal log file
Date: 30-Oct-16 - 12:02:02
-----------------------------------------------
        28236         1315         2530           84
        28236         1316         2530           84
        28235         1317         2531           84
        28235         1319         2531           84
        28238         1318         2531           84
        28241         1319         2531           84
        28240         1318         2532           84
        28239         1317         2533           84
        28239         1316         2533           84
        28240         1315         2533           84
        28240         1316         2534           84
        28238         1319         2535           84
        28239         1319         2535           84
        28237         1319         2535           84
        28235         1320         2536           84
        28234         1320         2536           84
        28227         1319         2537           84
        28226         1318         2537           84
        28230         1316         2537           84
        28230         1315         2538           84
        28230         1316         2538           84
        28226         1317         2538           84
        28226         1315         2539           84
        28229         1314         2540           84
        28230         1313         2540           84
        28230         1313         2541           84
        28230         1314         2541           84
        28229         1317         2542           84
        28229         1321         2542           84
        28230         1320         2542           84
        28230         1319         2543           84
        28225         1317         2543           84
        28225         1316         2544           84
        28226         1317         2545           84
        28229         1317         2545           84
        28230         1318         2546           84
        28230         1316         2546           84
        28230         1315         2546           84
        28234         1316         2547           84
        28234         1315         2547           84
        28233         1316         2547           84
        28235         1317         2548           84
        28236         1316         2549           84
        28235         1314         2549           87
        28231         1317         2550           84
        28228         1319         2550           84
        28225         1318         2551           84
        28225         1315         2551           84
        28225         1314         2552           84
        28225         1314         2552           84
        28225         1315         2552           84
        28225         1316         2553           84
        28226         1318         2554           84
        28226         1318         2554           84
        28225         1317         2554           84
        28224         1317         2554           84
        28225         1318         2555           84
        28226         1316         2555           84
        28225         1315         2556           84
        28229         1316         2556           84
        28230         1317         2556           84
        28231         1319         2557           84
        28233         1315         2557           84
        28231         1314         2558           84
        28230         1314         2558           84
        28230         1315         2558           84
        28233         1316         2559           84
        28228         1316         2559           84
        28226         1316         2560           84
        28230         1319         2560           84
        28230         1319         2560           84
        28233         1319         2561           84
        28234         1318         2561           84
        28235         1315         2561           84
        28235         1316         2561           84
        28233         1316         2562           84
        28234         1314         2563           84
        28235         1315         2563           84
        28235         1316         2563           84
        28235         1318         2564           84
        28230         1317         2565           84
        28230         1315         2565           84
        28230         1316         2565           84
        28230         1314         2565           84
        28229         1315         2566           84
        28230         1317         2566           84
        28230         1317         2567           84
        28230         1316         2567           84
        28231         1314         2567           84
        28235         1315         2568           84
        28235         1315         2568           84
        28233         1318         2568           84
        28235         1318         2569           84
        28235         1317         2569           84
        28235         1318         2570           84
        28235         1318         2570           84
        28236         1318         2570           84
        28235         1317         2571           84
        28238         1317         2572           84
        28240         1315         2572           84
        28240         1316         2573           84
        28240         1318         2573           84
        28240         1318         2573           84
        28240         1319         2573           87
        28240         1317         2574           84
        28240         1315         2574           84
        28241         1316         2575           84
        28240         1316         2575           84
        28240         1317         2576           84
        28242         1318         2577           84
        28245         1317         2577           84
        28241         1315         2577           84
        28236         1313         2578           84
        28235         1315         2578           84
        28232         1316         2579           84
        28230         1317         2579           84
        28225         1316         2579           84
        28227         1315         2580           84
        28229         1316         2580           84
        28230         1316         2581           84
        28233         1319         2581           84
        28235         1319         2581           84
        28240         1318         2582           87
        28240         1318         2582           84
        28240         1317         2583           84
        28238         1311         2583           84
        28236         1312         2584           84
        28236         1310         2584           84
        28235         1311         2585           84
        28238         1316         2586           84
        28239         1315         2586           84
        28236         1312         2587           84
        28235         1312         2588           84
        28236         1314         2588           84
        28235         1315         2588           84
        28240         1319         2588           84
        28242         1318         2589           84
        28244         1319         2589           84
        28244         1317         2589           84
        28244         1316         2589           84
        28245         1316         2590           84
        28245         1314         2590           84
        28245         1314         2591           87
        28245         1317         2591           84
        28245         1315         2592           84
        28245         1313         2592           84
        28239         1314         2593           84
        28230         1316         2593           84
        28229         1317         2593           84
        28225         1320         2594           84
        28230         1317         2595           84
        28230         1314         2595           84
        28230         1315         2595           84
        28233         1318         2596           84
        28228         1321         2596           84
        28230         1321         2596           84
        28230         1318         2596           84
        28235         1316         2597           84
        28235         1315         2597           84
        28234         1313         2598           84
        28230         1317         2598           84
        28228         1315         2599           84
        28228         1316         2599           84
        28230         1317         2600           87
        28230         1324         2600           84
        28230         1324         2600           84
        28230         1321         2601           84
        28230         1319         2601           84
        28234         1318         2602           84
        28234         1315         2602           84
        28235         1314         2602           84
        28235         1314         2603           84
        28235         1314         2603           84
        28235         1314         2603           84
        28235         1314         2603           84
        28235         1315         2604           84
        28238         1317         2605           84
        28241         1320         2605           84
        28240         1319         2606           84
        28240         1320         2606           84
        28240         1319         2607           84
        28240         1317         2607           84
        28234         1317         2608           84
        28231         1319         2609           84
        28230         1323         2609           84
        28231         1319         2609           84
        28233         1317         2610           84
        28235         1315         2610           84
        28235         1317         2611           84
        28235         1316         2611           84
        28235         1317         2611           84
        28230         1317         2612           84
        28230         1317         2612           84
        28226         1320         2612           84
        28228         1320         2613           84
        28225         1318         2613           84
        28226         1316         2613           84
        28230         1316         2614           84
        28233         1318         2614           84
        28232         1316         2615           84
        28234         1315         2616           84
        28235         1316         2616           87
        28235         1318         2616           84
        28235         1316         2616           84
        28238         1315         2616           84
        28238         1317         2617           84
        28235         1318         2617           84
        28234         1317         2618           84
        28235         1316         2618           84
        28235         1316         2619           84
        28238         1315         2620           84
        28239         1318         2620           84
        28240         1315         2620           84
        28240         1321         2620           84
        28240         1321         2621           84
        28242         1322         2622           84
        28240         1324         2622           84
        28240         1323         2622           84
        28240         1324         2623           84
        28241         1320         2623           84
        28240         1320         2623           84
        28240         1319         2624           84
        28240         1319         2625           84
        28239         1319         2626           84
        28235         1318         2626           84
        28234         1321         2626           84
        28230         1322         2627           84
        28235         1321         2627           84
        28236         1317         2628           84
        28238         1316         2628           84
        28235         1313         2629           84
        28235         1314         2629           84
        28235         1310         2629           84
        28236         1310         2629           84
        28235         1312         2630           84
        28238         1314         2630           84
        28240         1315         2630           84
        28239         1315         2630           84
        28239         1316         2631           84
        28240         1317         2632           87
        28240         1317         2632           87
        28243         1316         2633           84
        28244         1310         2633           87
        28245         1313         2633           87
        28240         1316         2634           87
        28242         1317         2634           87
        28238         1316         2634           84
        28237         1315         2634           84
        28235         1315         2635           84
        28237         1316         2636           84
        28237         1317         2636           84
        28235         1315         2636           84
        28237         1316         2636           84
        28240         1316         2637           87
        28240         1318         2637           87
        28241         1318         2638           87
        28240         1314         2639           87
        28237         1314         2639           84
        28236         1314         2640           84
        28233         1316         2640           84
        28230         1319         2641           84
        28231         1320         2641           84
        28234         1320         2642           84
        28235         1320         2642           84
        28237         1320         2643           84
        28235         1319         2643           84
        28235         1323         2643           84
        28236         1320         2643           84
        28238         1316         2644           84
        28239         1316         2644           87
        28240         1316         2644           87
        28243         1324         2645           87
        28239         1324         2646           87
        28234         1322         2646           84
        28233         1322         2646           84
        28234         1320         2646           84
        28237         1313         2647           84
        28240         1314         2647           87
        28236         1315         2648           84
        28238         1316         2648           84
        28235         1317         2648           84
        28232         1317         2649           84
        28230         1316         2649           84
        28230         1316         2650           84
        28234         1317         2650           84
        28235         1318         2650           84
        28239         1314         2651           84
        28240         1315         2652           87
        28239         1317         2652           87
        28235         1317         2653           84
        28235         1314         2653           84
        28234         1313         2654           84
        28235         1316         2655           84
        28235         1317         2655           84
        28235         1317         2655           84
        28235         1321         2656           84
        28235         1321         2656           84
        28237         1320         2657           84
        28236         1320         2657           84
        28240         1318         2657           87
        28237         1321         2658           84
        28235         1320         2658           87
        28240         1322         2659           87
        28239         1321         2659           87
        28239         1317         2660           84
        28237         1312         2660           87
        28237         1314         2661           87
        28235         1317         2662           84
        28235         1317         2662           84
        28238         1318         2662           87
        28240         1319         2663           87
        28243         1316         2662           87
        28245         1317         2663           87
        28243         1317         2663           87
        28243         1315         2664           87
        28244         1315         2664           87
        28245         1318         2665           87
        28244         1318         2665           87
        28243         1319         2665           87
        28244         1320         2666           87
        28244         1321         2666           87
        28240         1320         2667           87
        28240         1320         2667           87
        28240         1321         2667           87
        28236         1322         2668           87
        28240         1322         2669           87
        28240         1319         2669           87
        28241         1317         2670           87
        28244         1316         2670           87
        28243         1318         2671           87
        28241         1318         2671           87
        28242         1320         2672           87
        28244         1318         2672           87
        28245         1319         2673           87
        28249         1318         2673           87
        28246         1317         2673           87
        28248         1317         2674           87
        28245         1318         2674           87
        28249         1317         2674           87
        28250         1318         2675           87
        28250         1317         2675           87
        28250         1319         2675           87
        28250         1317         2676           87
        28250         1318         2676           87
        28249         1314         2676           87

-----------------------------------------------
Date: 30-Oct-16 - 12:35:12
End log file
