Terminal log file
Date: 30-Oct-16 - 11:44:09
-----------------------------------------------
        28203         -181         2841          306
        28191         -240         2842          300
        28190         -152         2843          297
        28194          -85         2844          294
        28199          -45         2845          291
        28203          -20         2845          285
        28205           -7         2846          282
        28208            0         2847          279
        28210            5         2848          276
        28214            8         2848          270
        28215            9         2849          267
        28221           87         2850          267
        28279          507         2850          267
        28353          807         2851          267
        28425          987         2852          267
        28493         1091         2853          264
        28556         1161         2853          261
        28613         1206         2854          261
        28667         1229         2854          261
        28717         1242         2855          261
        28763         1249         2856          261
        28805         1258         2856          261
        28844         1261         2857          261
        28881         1255         2857          261
        28915         1252         2858          264
        28947         1244         2859          267
        28977         1250         2859          267
        29004         1250         2859          267
        29031         1240         2860          267
        29055         1238         2860          267
        29078         1248         2861          267
        29099         1244         2861          267
        29119         1241         2862          267
        29138         1239         2862          267
        29156         1243         2863          270
        29173         1246         2864          270
        29189         1244         2864          270
        29204         1239         2864          270
        29219         1240         2865          270
        29232         1242         2866          270
        29245         1242         2866          273
        29257         1246         2867          276
        29269         1250         2867          276
        29280         1251         2868          276
        29291         1245         2868          276
        29301         1246         2869          276
        29311         1246         2869          279
        29320         1243         2870          279
        29329         1237         2870          282
        29337         1241         2871          282
        29346         1240         2871          282
        29353         1242         2872          285
        29361         1242         2872          285
        29368         1244         2873          285
        29376         1232         2874          285
        29382         1228         2874          288
        29388         1251         2875          291
        29394         1256         2875          291
        29401         1255         2876          291
        29407         1252         2876          291
        29412         1248         2877          294
        29417         1238         2877          297
        29421         1248         2878          297
        29426         1246         2879          297
        29431         1244         2880          300
        29436         1228         2880          303
        29440         1230         2881          303
        29445         1238         2882          303
        29448         1244         2883          303
        29451         1243         2883          306
        29455         1251         2884          306
        29459         1250         2885          306
        29462         1250         2886          306
        29465         1248         2887          309
        29469         1249         2887          312
        29471         1248         2888          312
        29475         1253         2889          312
        29476         1247         2890          315
        29480         1249         2891          318
        29481         1247         2891          318
        29485         1243         2893          315
        29486         1243         2893          318
        29490         1242         2894          321
        29490         1241         2895          321
        29493         1244         2896          321
        29495         1245         2897          321
        29495         1239         2898          324
        29499         1237         2899          327
        29500         1242         2900          327
        29500         1241         2900          327
        29500         1234         2902          330
        29504         1241         2903          333
        29505         1249         2904          333
        29505         1249         2905          333
        29505         1252         2906          333
        29509         1249         2907          336
        29510         1253         2908          339
        29510         1250         2909          339
        29510         1248         2910          339
        29510         1248         2911          339
        29510         1247         2912          342
        29514         1248         2913          342
        29515         1250         2914          339
        29515         1245         2915          342
        29515         1244         2916          345
        29515         1246         2917          348
        29515         1248         2919          348
        29515         1243         2920          348
        29515         1247         2921          348
        29515         1251         2922          351
        29515         1251         2923          354
        29515         1242         2924          354
        29515         1241         2925          351
        29515         1243         2927          354
        29515         1248         2928          354
        29515         1251         2929          354
        29515         1247         2930          357
        29515         1239         2931          357
        29515         1242         2932          357
        29515         1246         2934          357
        29515         1244         2935          360
        29515         1242         2936          363
        29515         1247         2938          363
        29515         1249         2939          363
        29515         1249         2940          363
        29514         1252         2941          366
        29511         1242         2943          369
        29510         1243         2944          372
        29510         1246         2945          372
        29510         1247         2947          372
        29510         1252         2948          372
        29510         1243         2949          372
        29510         1242         2951          372
        29510         1243         2952          372
        29509         1243         2953          375
        29505         1248         2955          378
        29505         1248         2956          378
        29505         1244         2957          378
        29505         1239         2959          378
        29505         1244         2960          378
        29503         1249         2962          378
        29500         1247         2963          378
        29500         1249         2964          381
        29500         1253         2966          384
        29500         1254         2967          387
        29500         1250         2968          387
        29500         1257         2970          387
        29495         1254         2971          387
        29495         1252         2973          387
        29495         1251         2974          387
        29495         1251         2976          387
        29495         1256         2977          387
        29495         1251         2978          390
        29492         1248         2980          393
        29490         1249         2982          393
        29490         1256         2983          393
        29490         1244         2985          393
        29489         1246         2986          393
        29486         1251         2988          393
        29485         1255         2989          393
        29463         1122         2990          393
        29421          927         2992          390
        29333          570         2993          390
        29243          355         2995          387
        29160          226         2996          384
        29098          305         2998          381
        29064          390         2999          378
        29001          246         3001          375
        28942          159         3002          372
        28889          106         3004          369
        28860          286         3006          366
        28844          324         3007          363
        28803          204         3009          357
        28764          133         3010          354
        28728           91         3012          354
        28723          324         3014          351
        28714          296         3015          348
        28685          187         3017          345

-----------------------------------------------
Date: 30-Oct-16 - 12:01:25
End log file
