Terminal log file
Date: 30-Oct-16 - 10:39:53
-----------------------------------------------
        27418        -1051         2426
        27363        -1094         2426
        27312        -1123         2425
        27264        -1144         2425
        27220        -1159         2425
        27178        -1170         2425
        27139        -1178         2425
        27103        -1184         2425
        27069        -1190         2425
        27036        -1196         2425
        27006        -1202         2425
        26978        -1207         2425
        26951        -1213         2425
        26926        -1220         2425
        26901        -1227         2425
        26879        -1235         2425
        26860        -1191         2425

-----------------------------------------------
Date: 30-Oct-16 - 10:41:11
End log file
