Terminal log file
Date: 30-Oct-16 - 13:15:30
-----------------------------------------------
        27448          287         3479            9
        27547          697         3479           12
        27636          940         3480           15
        27718         1082         3480           18
        27792         1153         3480           18
        27860         1197         3481           21
        27921         1227         3481           21
        27978         1254         3481           24
        28028         1268         3481           27
        28075         1277         3481           27
        28118         1281         3482           30
        28157         1281         3482           33
        28193         1281         3482           33
        28226         1287         3482           36
        28256         1284         3482           39
        28285         1280         3483           39
        28311         1283         3483           42
        28335         1281         3483           42
        28359         1278         3483           45
        28380         1296         3483           48
        28400         1290         3484           48
        28420         1287         3484           51
        28438         1285         3484           51
        28456         1286         3484           54
        28472         1289         3484           54
        28487         1287         3484           57
        28502         1283         3484           57
        28516         1276         3484           60
        28530         1274         3484           63
        28543         1277         3484           63
        28556         1281         3484           66
        28569         1280         3484           66
        28581         1275         3484           69
        28592         1275         3484           69
        28604         1274         3484           72
        28615         1277         3483           72
        28625         1272         3483           75
        28636         1273         3483           75
        28646         1278         3483           78
        28656         1279         3483           78
        28666         1280         3483           81
        28675         1284         3483           78
        28685         1281         3483           81
        28694         1276         3483           84
        28703         1268         3482           84
        28712         1272         3482           87
        28721         1283         3482           87
        28729         1293         3482           90
        28737         1289         3482           90
        28746         1293         3482           93
        28755         1295         3481           93
        28762         1284         3481           93
        28771         1281         3481           96
        28778         1283         3481           96
        28786         1280         3481           99
        28794         1284         3481           99
        28802         1280         3481           99
        28809         1270         3481          102
        28816         1275         3481          102
        28823         1274         3481          105
        28831         1272         3481          105
        28837         1273         3480          105
        28844         1277         3480          108
        28852         1281         3480          108
        28858         1280         3480          111
        28865         1274         3480          111
        28872         1274         3480          111
        28878         1278         3479          114
        28885         1281         3479          114
        28892         1273         3479          114
        28898         1272         3479          117
        28905         1273         3479          117
        28911         1271         3479          117
        28916         1270         3479          120
        28922         1272         3479          120
        28928         1272         3479          120
        28935         1276         3479          123
        28941         1280         3479          123
        28946         1284         3479          126
        28952         1281         3479          126
        28958         1276         3479          126
        28963         1275         3479          126
        28968         1272         3479          126
        28974         1276         3479          129
        28980         1279         3479          129
        28985         1282         3479          129
        28990         1279         3479          132
        28996         1281         3479          132
        29002         1283         3479          135
        29007         1284         3479          135
        29012         1283         3479          135
        29017         1278         3479          135
        29022         1277         3479          135
        29027         1280         3478          138
        29032         1280         3478          138
        29037         1267         3478          138
        29041         1268         3479          138
        29047         1274         3479          141
        29051         1275         3478          141
        29056         1276         3478          141
        29061         1274         3478          144
        29065         1277         3478          144
        29070         1272         3478          144
        29074         1278         3478          144
        29079         1281         3478          144
        29083         1279         3479          147
        29087         1275         3479          147
        29091         1279         3479          147
        29095         1283         3479          150
        29100         1282         3479          150
        29104         1284         3479          153
        29108         1284         3479          153
        29111         1282         3479          153
        29115         1289         3479          153
        29120         1288         3480          156
        29123         1287         3480          159
        29126         1282         3480          159
        29130         1276         3481          159
        29133         1275         3481          162
        29136         1273         3481          165
        29140         1276         3481          165
        29144         1273         3481          165
        29146         1276         3481          165
        29150         1278         3482          168
        29153         1277         3482          168
        29155         1276         3482          168
        29160         1278         3483          168
        29161         1270         3483          171
        29165         1270         3483          174
        29168         1271         3483          174
        29170         1272         3484          174
        29174         1274         3484          177
        29176         1277         3484          180
        29180         1275         3485          180
        29180         1273         3485          180
        29184         1269         3485          183
        29185         1266         3485          186
        29188         1273         3486          186
        29190         1276         3486          186
        29191         1276         3486          186
        29195         1276         3487          189
        29196         1269         3487          189
        29200         1270         3488          189
        29200         1274         3488          189
        29205         1275         3488          192
        29205         1275         3489          195
        29208         1278         3489          195
        29210         1281         3490          195
        29210         1275         3490          198
        29214         1272         3490          201
        29215         1272         3491          201
        29215         1275         3491          201
        29220         1265         3492          201
        29220         1265         3492          204
        29220         1268         3493          204
        29223         1273         3494          204
        29225         1276         3494          204
        29225         1275         3495          207
        29225         1271         3495          210
        29230         1270         3495          210
        29230         1270         3496          210
        29230         1272         3497          210
        29231         1271         3497          213
        29234         1275         3498          216
        29235         1276         3499          216
        29235         1277         3499          216
        29235         1274         3499          216
        29238         1276         3500          219
        29240         1276         3501          222
        29240         1277         3501          222
        29240         1274         3502          222
        29240         1276         3502          222
        29242         1273         3503          225
        29245         1272         3504          225
        29245         1268         3504          225
        29245         1271         3505          225
        29245         1273         3506          225
        29245         1278         3506          231
        29245         1277         3507          231
        29245         1277         3508          231
        29245         1277         3509          231
        29245         1276         3510          231
        29247         1277         3510          234
        29249         1273         3511          237
        29250         1270         3512          237
        29250         1270         3513          237
        29250         1272         3514          237
        29250         1268         3514          240
        29250         1266         3515          240
        29250         1267         3516          240
        29250         1270         3517          240
        29250         1266         3518          240
        29250         1269         3518          243
        29253         1268         3520          246
        29253         1271         3520          246
        29255         1269         3521          249
        29254         1273         3522          249
        29255         1270         3523          246
        29252         1267         3524          249
        29252         1275         3525          252
        29253         1277         3525          252
        29252         1276         3526          255
        29250         1279         3527          255
        29250         1275         3528          255
        29250         1273         3529          255
        29250         1272         3530          258
        29250         1272         3531          258
        29250         1274         3532          261
        29250         1277         3533          261
        29250         1279         3533          261
        29250         1279         3534          261
        29250         1273         3535          261
        29250         1269         3536          264
        29250         1267         3537          264
        29250         1263         3538          264
        29250         1262         3539          261
        29250         1264         3540          264
        29250         1266         3541          264
        29250         1266         3542          267
        29250         1269         3543          267
        29249         1274         3544          270
        29246         1278         3545          270
        29245         1274         3546          270
        29245         1273         3547          270
        29245         1266         3548          270
        29245         1268         3550          270
        29245         1272         3551          273
        29245         1269         3552          273
        29244         1272         3553          276
        29242         1266         3554          276
        29240         1271         3555          276
        29240         1272         3556          276
        29240         1274         3557          276
        29240         1271         3558          276
        29240         1275         3560          276
        29240         1276         3561          279
        29240         1278         3562          279
        29240         1286         3563          279
        29238         1284         3564          279
        29235         1278         3565          279
        29235         1284         3566          279
        29235         1285         3568          279
        29235         1290         3569          279
        29235         1284         3570          279
        29235         1278         3571          282
        29235         1280         3573          282
        29234         1279         3574          285
        29232         1279         3575          285
        29230         1278         3576          285
        29230         1275         3577          285
        29230         1278         3578          285
        29230         1274         3580          285
        29230         1275         3581          285
        29230         1279         3582          285
        29227         1277         3583          285
        29225         1272         3585          288
        29213         1173         3586          288
        29181         1024         3587          285
        29107          649         3588          282
        29024          400         3589          279
        28947          252         3591          276
        28883          237         3592          276
        28856          434         3593          273
        28802          280         3595          270
        28747          179         3596          267
        28697          120         3597          261
        28663          206         3599          261
        28656          370         3600          258
        28619          232         3601          255
        28583          149         3602          252
        28550           99         3604          249
        28534          235         3605          246
        28537          322         3607          243
        28511          202         3608          240
        28485          130         3609          237
        28461           86         3611          234
        28461          286         3612          231
        28465          312         3613          228
        28445          195         3614          225
        28425          125         3615          222
        28407           86         3617          219
        28418          332         3618          219
        28420          287         3619          213
        28403          180         3620          210
        28386          115         3622          207
        28371           91         3623          204
        28389          351         3624          201
        28389          265         3625          198
        28374          165         3626          195
        28359          106         3628          192
        28348          116         3629          192
        28371          367         3630          189
        28366          248         3631          186
        28351          156         3632          183
        28338           99         3633          180
        28331          149         3634          177
        28357          372         3635          174
        28349          236         3636          171
        28336          148         3637          168
        28323           96         3638          165
        28321          191         3639          165
        28344          341         3640          162
        28335          210         3641          159
        28322          132         3642          156
        28309           84         3643          153
        28313          242         3644          150
        28333          320         3645          147
        28322          198         3646          147
        28309          125         3647          144
        28296           80         3648          141
        28307          294         3649          141
        28322          305         3650          141
        28310          188         3651          138
        28297          117         3652          138
        28285           77         3653          135
        28303          331         3654          135
        28311          277         3655          135
        28299          171         3656          132
        28286          108         3657          132
        28275           92         3657          129
        28298          364         3658          129
        28301          263         3659          129
        28289          162         3660          126
        28276          101         3661          126
        28268          113         3662          126
        28295          367         3663          126
        28293          243         3664          123
        28280          150         3664          123
        28268           95         3665          120
        28262          147         3666          120
        28288          344         3667          120
        28284          214         3667          117
        28271          132         3668          117
        28259           83         3669          117
        28258          197         3670          117
        28284          339         3671          117
        28276          207         3671          114
        28263          128         3672          114
        28251           80         3673          111
        28257          247         3673          114
        28279          314         3674          111
        28269          191         3674          111
        28255          118         3675          111
        28243           73         3676          108
        28256          290         3676          111
        28271          287         3677          108
        28259          174         3678          108
        28247          107         3679          108
        28235           75         3679          108
        28254          334         3680          105
        28264          269         3681          105
        28252          165         3681          105
        28239          102         3682          102
        28228           91         3683          105
        28253          358         3683          105
        28256          254         3684          102
        28244          155         3685          102
        28231           96         3685           99
        28223          116         3686          102
        28251          362         3687           99
        28250          235         3687           99
        28237          144         3688           99
        28224           89         3689           99
        28219          151         3689          102
        28248          343         3690           99
        28241          210         3690           99
        28229          129         3691           99
        28216           81         3692           96
        28218          209         3692           99
        28244          332         3693           96
        28235          201         3694           96
        28223          123         3695           96
        28210           77         3696           96
        28218          258         3696           96
        28239          311         3696           93
        28229          189         3697           93
        28216          117         3698           93
        28204           74         3698           93
        28218          305         3699           93
        28233          290         3699           93
        28222          177         3700           93
        28209          109         3700           90
        28197           75         3701           93
        28218          332         3701           93
        28227          266         3702           90
        28216          162         3703           90
        28203          101         3703           90
        28192           91         3704           93
        28218          341         3704           90
        28221          235         3704           90
        28209          143         3705           90
        28196           88         3706           87
        28188          122         3706           90
        28216          364         3706           87
        28215          233         3707           87
        28203          142         3708           87
        28190           85         3708           87
        28186          163         3709           90
        28214          351         3709           87
        28210          215         3710           87
        28197          131         3710           87
        28184           81         3710           87
        28185          212         3711           87
        28210          330         3712           87
        28204          200         3712           87
        28190          121         3712           84
        28178           75         3713           84
        28186          256         3713           87
        28208          298         3714           87
        28198          181         3714           84
        28185          111         3715           87
        28172           71         3715           87
        28188          309         3716           87
        28202          277         3716           84
        28192          168         3717           84
        28179          103         3717           84
        28167           77         3718           84
        28189          347         3718           84
        28198          264         3719           84
        28187          160         3719           84
        28174           97         3719           84
        28163           94         3720           84
        28191          356         3720           84
        28194          242         3720           81
        28182          148         3721           81
        28169           92         3722           81
        28160          127         3722           84
        28190          355         3722           81
        28188          224         3723           81
        28176          136         3723           81
        28163           84         3724           81
        28160          168         3724           84
        28189          350         3724           81
        28184          213         3725           81
        28170          130         3726           81
        28157           80         3726           81
        28160          219         3726           84
        28185          313         3727           81
        28177          189         3727           81
        28164          115         3727           81
        28151           71         3728           81
        28161          270         3728           81
        28180          294         3729           81
        28173          179         3729           78
        28159          109         3729           78
        28147           69         3729           81
        28164          321         3729           81
        28178          279         3730           78
        28168          169         3730           78
        28154          105         3731           78
        28142           80         3731           81
        28165          338         3731           81
        28174          253         3731           78
        28163          153         3732           78
        28149           93         3732           78
        28139           97         3732           81
        28167          354         3733           81
        28169          237         3733           81
        28158          143         3733           78
        28144           88         3733           78
        28137          134         3734           81
        28167          363         3734           78
        28165          227         3735           78
        28153          138         3735           78
        28139           86         3735           78
        28137          174         3736           81
        28165          328         3736           78
        28161          199         3736           78
        28148          120         3736           78
        28134           74         3737           78
        28138          230         3737           78
        28164          313         3738           78
        28156          189         3738           78
        28143          115         3738           75
        28130           71         3738           75
        28141          277         3738           78
        28159          291         3739           75
        28151          176         3739           75
        28138          107         3739           75
        28124           68         3740           78
        28143          319         3740           78
        28157          271         3740           75
        28147          164         3741           75
        28133          100         3741           75
        28121           80         3742           78
        28145          345         3742           78
        28153          253         3742           75
        28142          153         3742           75
        28128           93         3743           75
        28118          101         3743           78
        28145          344         3743           75
        28148          226         3744           75
        28136          137         3744           75
        28123           84         3744           75
        28116          140         3745           78
        28146          348         3745           75
        28145          215         3745           75
        28132          130         3745           75
        28118           79         3745           75
        28116          191         3745           78
        28144          339         3746           75
        28140          205         3746           75
        28127          126         3746           75
        28114           77         3747           75
        28118          240         3747           78
        28144          315         3747           75
        28136          190         3747           75
        28122          116         3747           75
        28109           72         3748           75
        28120          285         3748           75
        28140          293         3748           75
        28131          177         3749           75
        28118          109         3749           72
        28104           72         3749           75
        28124          317         3749           75
        28137          261         3749           72
        28126          158         3749           72
        28113           94         3750           72
        28101           82         3750           75
        28126          349         3750           75
        28134          248         3750           72
        28123          149         3750           72
        28110           91         3751           72
        28100          112         3751           75
        28129          363         3751           75
        28132          236         3751           72
        28119          142         3751           72
        28105           86         3751           72
        28099          148         3752           75
        28129          357         3752           72
        28127          220         3752           72
        28115          133         3752           72
        28100           81         3752           72
        28100          194         3752           75
        28129          336         3752           72

-----------------------------------------------
Date: 30-Oct-16 - 14:07:04
End log file
